mode: set
github.com/AndrewHartDyke/learn-go-with-tests/006_pointers_and_errors/wallet.go:15.35,17.2 1 1
github.com/AndrewHartDyke/learn-go-with-tests/006_pointers_and_errors/wallet.go:19.49,20.24 1 1
github.com/AndrewHartDyke/learn-go-with-tests/006_pointers_and_errors/wallet.go:20.24,22.3 1 1
github.com/AndrewHartDyke/learn-go-with-tests/006_pointers_and_errors/wallet.go:23.2,24.12 2 1
github.com/AndrewHartDyke/learn-go-with-tests/006_pointers_and_errors/wallet.go:27.42,29.2 1 1
github.com/AndrewHartDyke/learn-go-with-tests/006_pointers_and_errors/wallet.go:31.34,33.2 1 1
